Activated Environment
/scratch/users/jwang003/GenreClassification/train/train_multilabel_nn.py:21: FutureWarning: The frame.append method is deprecated and will be removed from pandas in a future version. Use pandas.concat instead.
  full_train = data_p1.append(data_p2)
Running Cross Validation on Batchsize = 32, Epochs = 100, Learning Rate = 0.001, Neurons = (200, 100)
Fold 1
/home/groups/rondror/software/jwang003/miniconda3/envs/genre-classification/lib/python3.10/site-packages/torch/nn/functional.py:1967: UserWarning: nn.functional.sigmoid is deprecated. Use torch.sigmoid instead.
  warnings.warn("nn.functional.sigmoid is deprecated. Use torch.sigmoid instead.")
Epoch: 10/100 AVG Training Loss: 0.174 AVG Test Loss: 0.169 AVG Training Acc 0.941139 AVG Test Acc 0.942219 %
Epoch: 20/100 AVG Training Loss: 0.161 AVG Test Loss: 0.167 AVG Training Acc 0.942739 AVG Test Acc 0.942748 %
Epoch: 30/100 AVG Training Loss: 0.149 AVG Test Loss: 0.168 AVG Training Acc 0.944966 AVG Test Acc 0.942928 %
Epoch: 40/100 AVG Training Loss: 0.141 AVG Test Loss: 0.169 AVG Training Acc 0.946767 AVG Test Acc 0.944077 %
Epoch: 50/100 AVG Training Loss: 0.134 AVG Test Loss: 0.172 AVG Training Acc 0.949891 AVG Test Acc 0.943590 %
Epoch: 60/100 AVG Training Loss: 0.129 AVG Test Loss: 0.172 AVG Training Acc 0.950743 AVG Test Acc 0.943628 %
Epoch: 70/100 AVG Training Loss: 0.124 AVG Test Loss: 0.176 AVG Training Acc 0.951587 AVG Test Acc 0.942229 %
Epoch: 80/100 AVG Training Loss: 0.119 AVG Test Loss: 0.180 AVG Training Acc 0.953721 AVG Test Acc 0.943417 %
Epoch: 90/100 AVG Training Loss: 0.116 AVG Test Loss: 0.184 AVG Training Acc 0.955308 AVG Test Acc 0.941958 %
Epoch: 100/100 AVG Training Loss: 0.111 AVG Test Loss: 0.189 AVG Training Acc 0.956954 AVG Test Acc 0.942552 %
Fold 2
Epoch: 10/100 AVG Training Loss: 0.173 AVG Test Loss: 0.168 AVG Training Acc 0.940635 AVG Test Acc 0.940999 %
Epoch: 20/100 AVG Training Loss: 0.160 AVG Test Loss: 0.167 AVG Training Acc 0.943192 AVG Test Acc 0.942399 %
Epoch: 30/100 AVG Training Loss: 0.150 AVG Test Loss: 0.166 AVG Training Acc 0.945525 AVG Test Acc 0.942138 %
Epoch: 40/100 AVG Training Loss: 0.141 AVG Test Loss: 0.167 AVG Training Acc 0.947922 AVG Test Acc 0.942180 %
Epoch: 50/100 AVG Training Loss: 0.134 AVG Test Loss: 0.171 AVG Training Acc 0.949045 AVG Test Acc 0.941882 %
Epoch: 60/100 AVG Training Loss: 0.127 AVG Test Loss: 0.173 AVG Training Acc 0.951459 AVG Test Acc 0.942296 %
Epoch: 70/100 AVG Training Loss: 0.124 AVG Test Loss: 0.174 AVG Training Acc 0.952444 AVG Test Acc 0.941752 %
Epoch: 80/100 AVG Training Loss: 0.119 AVG Test Loss: 0.176 AVG Training Acc 0.954469 AVG Test Acc 0.941963 %
Epoch: 90/100 AVG Training Loss: 0.115 AVG Test Loss: 0.183 AVG Training Acc 0.955679 AVG Test Acc 0.942534 %
Epoch: 100/100 AVG Training Loss: 0.112 AVG Test Loss: 0.180 AVG Training Acc 0.956372 AVG Test Acc 0.941980 %
Fold 3
Epoch: 10/100 AVG Training Loss: 0.173 AVG Test Loss: 0.170 AVG Training Acc 0.941024 AVG Test Acc 0.940662 %
Epoch: 20/100 AVG Training Loss: 0.159 AVG Test Loss: 0.169 AVG Training Acc 0.943534 AVG Test Acc 0.941744 %
Epoch: 30/100 AVG Training Loss: 0.147 AVG Test Loss: 0.172 AVG Training Acc 0.946074 AVG Test Acc 0.940511 %
Epoch: 40/100 AVG Training Loss: 0.140 AVG Test Loss: 0.176 AVG Training Acc 0.947587 AVG Test Acc 0.942598 %
Epoch: 50/100 AVG Training Loss: 0.133 AVG Test Loss: 0.179 AVG Training Acc 0.949637 AVG Test Acc 0.940566 %
Epoch: 60/100 AVG Training Loss: 0.126 AVG Test Loss: 0.180 AVG Training Acc 0.952197 AVG Test Acc 0.941351 %
Epoch: 70/100 AVG Training Loss: 0.122 AVG Test Loss: 0.190 AVG Training Acc 0.953042 AVG Test Acc 0.941117 %
Epoch: 80/100 AVG Training Loss: 0.117 AVG Test Loss: 0.192 AVG Training Acc 0.954658 AVG Test Acc 0.941220 %
Epoch: 90/100 AVG Training Loss: 0.114 AVG Test Loss: 0.196 AVG Training Acc 0.956182 AVG Test Acc 0.940573 %
Epoch: 100/100 AVG Training Loss: 0.111 AVG Test Loss: 0.199 AVG Training Acc 0.956647 AVG Test Acc 0.939539 %
Fold 4
Epoch: 10/100 AVG Training Loss: 0.174 AVG Test Loss: 0.171 AVG Training Acc 0.940574 AVG Test Acc 0.940449 %
Epoch: 20/100 AVG Training Loss: 0.160 AVG Test Loss: 0.170 AVG Training Acc 0.943503 AVG Test Acc 0.940683 %
Epoch: 30/100 AVG Training Loss: 0.148 AVG Test Loss: 0.173 AVG Training Acc 0.945991 AVG Test Acc 0.941310 %
Epoch: 40/100 AVG Training Loss: 0.139 AVG Test Loss: 0.174 AVG Training Acc 0.947601 AVG Test Acc 0.942805 %
Epoch: 50/100 AVG Training Loss: 0.134 AVG Test Loss: 0.178 AVG Training Acc 0.949289 AVG Test Acc 0.942061 %
Epoch: 60/100 AVG Training Loss: 0.128 AVG Test Loss: 0.179 AVG Training Acc 0.951184 AVG Test Acc 0.942054 %
Epoch: 70/100 AVG Training Loss: 0.122 AVG Test Loss: 0.185 AVG Training Acc 0.953171 AVG Test Acc 0.941117 %
Epoch: 80/100 AVG Training Loss: 0.118 AVG Test Loss: 0.190 AVG Training Acc 0.954762 AVG Test Acc 0.940828 %
Epoch: 90/100 AVG Training Loss: 0.115 AVG Test Loss: 0.194 AVG Training Acc 0.956011 AVG Test Acc 0.941317 %
Epoch: 100/100 AVG Training Loss: 0.110 AVG Test Loss: 0.198 AVG Training Acc 0.957821 AVG Test Acc 0.941062 %
Fold 5
Epoch: 10/100 AVG Training Loss: 0.174 AVG Test Loss: 0.172 AVG Training Acc 0.940525 AVG Test Acc 0.940607 %
Epoch: 20/100 AVG Training Loss: 0.160 AVG Test Loss: 0.170 AVG Training Acc 0.943320 AVG Test Acc 0.941895 %
Epoch: 30/100 AVG Training Loss: 0.150 AVG Test Loss: 0.170 AVG Training Acc 0.945530 AVG Test Acc 0.941895 %
Epoch: 40/100 AVG Training Loss: 0.141 AVG Test Loss: 0.168 AVG Training Acc 0.947176 AVG Test Acc 0.942881 %
Epoch: 50/100 AVG Training Loss: 0.134 AVG Test Loss: 0.170 AVG Training Acc 0.949062 AVG Test Acc 0.942302 %
Epoch: 60/100 AVG Training Loss: 0.128 AVG Test Loss: 0.175 AVG Training Acc 0.951789 AVG Test Acc 0.941496 %
Epoch: 70/100 AVG Training Loss: 0.123 AVG Test Loss: 0.182 AVG Training Acc 0.952569 AVG Test Acc 0.941723 %
Epoch: 80/100 AVG Training Loss: 0.118 AVG Test Loss: 0.181 AVG Training Acc 0.954097 AVG Test Acc 0.941468 %
Epoch: 90/100 AVG Training Loss: 0.114 AVG Test Loss: 0.185 AVG Training Acc 0.955972 AVG Test Acc 0.940586 %
Epoch: 100/100 AVG Training Loss: 0.111 AVG Test Loss: 0.190 AVG Training Acc 0.956878 AVG Test Acc 0.941131 %
Fold 6
Epoch: 10/100 AVG Training Loss: 0.175 AVG Test Loss: 0.170 AVG Training Acc 0.940244 AVG Test Acc 0.942495 %
Epoch: 20/100 AVG Training Loss: 0.160 AVG Test Loss: 0.170 AVG Training Acc 0.943032 AVG Test Acc 0.942529 %
Epoch: 30/100 AVG Training Loss: 0.150 AVG Test Loss: 0.170 AVG Training Acc 0.945529 AVG Test Acc 0.942929 %
Epoch: 40/100 AVG Training Loss: 0.141 AVG Test Loss: 0.171 AVG Training Acc 0.947178 AVG Test Acc 0.942750 %
Epoch: 50/100 AVG Training Loss: 0.135 AVG Test Loss: 0.172 AVG Training Acc 0.949153 AVG Test Acc 0.942674 %
Epoch: 60/100 AVG Training Loss: 0.127 AVG Test Loss: 0.180 AVG Training Acc 0.951473 AVG Test Acc 0.941675 %
Epoch: 70/100 AVG Training Loss: 0.123 AVG Test Loss: 0.182 AVG Training Acc 0.952825 AVG Test Acc 0.942412 %
Epoch: 80/100 AVG Training Loss: 0.118 AVG Test Loss: 0.185 AVG Training Acc 0.954953 AVG Test Acc 0.942509 %
Epoch: 90/100 AVG Training Loss: 0.113 AVG Test Loss: 0.185 AVG Training Acc 0.955741 AVG Test Acc 0.942019 %
Epoch: 100/100 AVG Training Loss: 0.111 AVG Test Loss: 0.192 AVG Training Acc 0.956861 AVG Test Acc 0.942688 %
Fold 7
Epoch: 10/100 AVG Training Loss: 0.172 AVG Test Loss: 0.177 AVG Training Acc 0.940589 AVG Test Acc 0.939450 %
Epoch: 20/100 AVG Training Loss: 0.158 AVG Test Loss: 0.175 AVG Training Acc 0.944028 AVG Test Acc 0.939264 %
Epoch: 30/100 AVG Training Loss: 0.149 AVG Test Loss: 0.176 AVG Training Acc 0.945599 AVG Test Acc 0.940028 %
Epoch: 40/100 AVG Training Loss: 0.140 AVG Test Loss: 0.180 AVG Training Acc 0.947278 AVG Test Acc 0.939663 %
Epoch: 50/100 AVG Training Loss: 0.134 AVG Test Loss: 0.181 AVG Training Acc 0.949140 AVG Test Acc 0.940173 %
Epoch: 60/100 AVG Training Loss: 0.128 AVG Test Loss: 0.184 AVG Training Acc 0.951072 AVG Test Acc 0.939064 %
Epoch: 70/100 AVG Training Loss: 0.121 AVG Test Loss: 0.190 AVG Training Acc 0.953378 AVG Test Acc 0.939546 %
Epoch: 80/100 AVG Training Loss: 0.119 AVG Test Loss: 0.192 AVG Training Acc 0.953898 AVG Test Acc 0.939891 %
Epoch: 90/100 AVG Training Loss: 0.114 AVG Test Loss: 0.194 AVG Training Acc 0.955981 AVG Test Acc 0.939829 %
Epoch: 100/100 AVG Training Loss: 0.111 AVG Test Loss: 0.192 AVG Training Acc 0.957025 AVG Test Acc 0.940270 %
Fold 8
Epoch: 10/100 AVG Training Loss: 0.173 AVG Test Loss: 0.171 AVG Training Acc 0.940962 AVG Test Acc 0.942453 %
Epoch: 20/100 AVG Training Loss: 0.159 AVG Test Loss: 0.171 AVG Training Acc 0.943124 AVG Test Acc 0.942233 %
Epoch: 30/100 AVG Training Loss: 0.149 AVG Test Loss: 0.170 AVG Training Acc 0.945348 AVG Test Acc 0.942488 %
Epoch: 40/100 AVG Training Loss: 0.141 AVG Test Loss: 0.170 AVG Training Acc 0.947435 AVG Test Acc 0.942667 %
Epoch: 50/100 AVG Training Loss: 0.132 AVG Test Loss: 0.177 AVG Training Acc 0.949420 AVG Test Acc 0.942357 %
Epoch: 60/100 AVG Training Loss: 0.126 AVG Test Loss: 0.179 AVG Training Acc 0.951715 AVG Test Acc 0.942598 %
Epoch: 70/100 AVG Training Loss: 0.123 AVG Test Loss: 0.183 AVG Training Acc 0.951986 AVG Test Acc 0.942867 %
Epoch: 80/100 AVG Training Loss: 0.119 AVG Test Loss: 0.185 AVG Training Acc 0.954050 AVG Test Acc 0.943025 %
Epoch: 90/100 AVG Training Loss: 0.113 AVG Test Loss: 0.193 AVG Training Acc 0.955905 AVG Test Acc 0.942391 %
Epoch: 100/100 AVG Training Loss: 0.112 AVG Test Loss: 0.190 AVG Training Acc 0.956707 AVG Test Acc 0.941606 %
Fold 9
Epoch: 10/100 AVG Training Loss: 0.174 AVG Test Loss: 0.172 AVG Training Acc 0.940961 AVG Test Acc 0.939649 %
Epoch: 20/100 AVG Training Loss: 0.160 AVG Test Loss: 0.169 AVG Training Acc 0.943462 AVG Test Acc 0.940834 %
Epoch: 30/100 AVG Training Loss: 0.149 AVG Test Loss: 0.170 AVG Training Acc 0.946015 AVG Test Acc 0.941069 %
Epoch: 40/100 AVG Training Loss: 0.141 AVG Test Loss: 0.177 AVG Training Acc 0.947461 AVG Test Acc 0.940338 %
Epoch: 50/100 AVG Training Loss: 0.133 AVG Test Loss: 0.178 AVG Training Acc 0.949654 AVG Test Acc 0.940083 %
Epoch: 60/100 AVG Training Loss: 0.127 AVG Test Loss: 0.175 AVG Training Acc 0.951192 AVG Test Acc 0.941379 %
Epoch: 70/100 AVG Training Loss: 0.124 AVG Test Loss: 0.180 AVG Training Acc 0.953293 AVG Test Acc 0.940366 %
Epoch: 80/100 AVG Training Loss: 0.119 AVG Test Loss: 0.182 AVG Training Acc 0.954156 AVG Test Acc 0.940104 %
Epoch: 90/100 AVG Training Loss: 0.114 AVG Test Loss: 0.188 AVG Training Acc 0.955662 AVG Test Acc 0.940504 %
Epoch: 100/100 AVG Training Loss: 0.111 AVG Test Loss: 0.190 AVG Training Acc 0.957095 AVG Test Acc 0.940828 %
Fold 10
Epoch: 10/100 AVG Training Loss: 0.173 AVG Test Loss: 0.173 AVG Training Acc 0.940832 AVG Test Acc 0.940676 %
Epoch: 20/100 AVG Training Loss: 0.159 AVG Test Loss: 0.171 AVG Training Acc 0.943708 AVG Test Acc 0.940648 %
Epoch: 30/100 AVG Training Loss: 0.148 AVG Test Loss: 0.174 AVG Training Acc 0.946138 AVG Test Acc 0.940635 %
Epoch: 40/100 AVG Training Loss: 0.141 AVG Test Loss: 0.176 AVG Training Acc 0.947643 AVG Test Acc 0.941544 %
Epoch: 50/100 AVG Training Loss: 0.133 AVG Test Loss: 0.179 AVG Training Acc 0.949514 AVG Test Acc 0.940862 %
Epoch: 60/100 AVG Training Loss: 0.127 AVG Test Loss: 0.183 AVG Training Acc 0.951238 AVG Test Acc 0.940676 %
Epoch: 70/100 AVG Training Loss: 0.122 AVG Test Loss: 0.181 AVG Training Acc 0.952660 AVG Test Acc 0.942019 %
Epoch: 80/100 AVG Training Loss: 0.118 AVG Test Loss: 0.188 AVG Training Acc 0.954424 AVG Test Acc 0.940208 %
Epoch: 90/100 AVG Training Loss: 0.114 AVG Test Loss: 0.190 AVG Training Acc 0.956386 AVG Test Acc 0.940986 %
Epoch: 100/100 AVG Training Loss: 0.112 AVG Test Loss: 0.201 AVG Training Acc 0.957372 AVG Test Acc 0.941365 %
Performance of 10 fold cross validation
Average Training Loss: 0.1111 	 Average Test Loss: 0.1921 	 Average Training Acc: 0.956973 	 Average Test Acc: 0.941302
/home/groups/rondror/software/jwang003/miniconda3/envs/genre-classification/lib/python3.10/site-packages/sklearn/metrics/_classification.py:1334: UndefinedMetricWarning: Precision and F-score are ill-defined and being set to 0.0 in labels with no predicted samples. Use `zero_division` parameter to control this behavior.
  _warn_prf(average, modifier, msg_start, len(result))
/home/groups/rondror/software/jwang003/miniconda3/envs/genre-classification/lib/python3.10/site-packages/sklearn/metrics/_classification.py:1334: UndefinedMetricWarning: Precision and F-score are ill-defined and being set to 0.0 in samples with no predicted labels. Use `zero_division` parameter to control this behavior.
  _warn_prf(average, modifier, msg_start, len(result))
Running Cross Validation on Batchsize = 32, Epochs = 100, Learning Rate = 0.001, Neurons = (256, 128)
Fold 1
/home/groups/rondror/software/jwang003/miniconda3/envs/genre-classification/lib/python3.10/site-packages/torch/nn/functional.py:1967: UserWarning: nn.functional.sigmoid is deprecated. Use torch.sigmoid instead.
  warnings.warn("nn.functional.sigmoid is deprecated. Use torch.sigmoid instead.")
Epoch: 10/100 AVG Training Loss: 0.172 AVG Test Loss: 0.172 AVG Training Acc 0.940833 AVG Test Acc 0.942349 %
Epoch: 20/100 AVG Training Loss: 0.157 AVG Test Loss: 0.168 AVG Training Acc 0.943956 AVG Test Acc 0.942948 %
Epoch: 30/100 AVG Training Loss: 0.148 AVG Test Loss: 0.170 AVG Training Acc 0.945597 AVG Test Acc 0.942505 %
Epoch: 40/100 AVG Training Loss: 0.138 AVG Test Loss: 0.171 AVG Training Acc 0.947662 AVG Test Acc 0.942417 %
Epoch: 50/100 AVG Training Loss: 0.133 AVG Test Loss: 0.170 AVG Training Acc 0.949732 AVG Test Acc 0.944385 %
Epoch: 60/100 AVG Training Loss: 0.123 AVG Test Loss: 0.176 AVG Training Acc 0.952470 AVG Test Acc 0.943580 %
Epoch: 70/100 AVG Training Loss: 0.119 AVG Test Loss: 0.176 AVG Training Acc 0.954379 AVG Test Acc 0.943653 %
Epoch: 80/100 AVG Training Loss: 0.114 AVG Test Loss: 0.178 AVG Training Acc 0.956397 AVG Test Acc 0.942336 %
Epoch: 90/100 AVG Training Loss: 0.112 AVG Test Loss: 0.183 AVG Training Acc 0.957545 AVG Test Acc 0.941518 %
Epoch: 100/100 AVG Training Loss: 0.106 AVG Test Loss: 0.184 AVG Training Acc 0.959310 AVG Test Acc 0.942002 %
Fold 2
Epoch: 10/100 AVG Training Loss: 0.172 AVG Test Loss: 0.169 AVG Training Acc 0.940921 AVG Test Acc 0.940791 %
Epoch: 20/100 AVG Training Loss: 0.158 AVG Test Loss: 0.167 AVG Training Acc 0.943961 AVG Test Acc 0.941983 %
Epoch: 30/100 AVG Training Loss: 0.149 AVG Test Loss: 0.168 AVG Training Acc 0.945910 AVG Test Acc 0.943932 %
Epoch: 40/100 AVG Training Loss: 0.138 AVG Test Loss: 0.169 AVG Training Acc 0.948453 AVG Test Acc 0.942890 %
Epoch: 50/100 AVG Training Loss: 0.131 AVG Test Loss: 0.169 AVG Training Acc 0.950335 AVG Test Acc 0.943087 %
Epoch: 60/100 AVG Training Loss: 0.124 AVG Test Loss: 0.172 AVG Training Acc 0.953015 AVG Test Acc 0.941857 %
Epoch: 70/100 AVG Training Loss: 0.119 AVG Test Loss: 0.175 AVG Training Acc 0.954760 AVG Test Acc 0.942760 %
Epoch: 80/100 AVG Training Loss: 0.113 AVG Test Loss: 0.178 AVG Training Acc 0.956232 AVG Test Acc 0.942244 %
Epoch: 90/100 AVG Training Loss: 0.111 AVG Test Loss: 0.183 AVG Training Acc 0.957654 AVG Test Acc 0.941804 %
Epoch: 100/100 AVG Training Loss: 0.106 AVG Test Loss: 0.185 AVG Training Acc 0.959311 AVG Test Acc 0.941410 %
Fold 3
Epoch: 10/100 AVG Training Loss: 0.171 AVG Test Loss: 0.170 AVG Training Acc 0.941571 AVG Test Acc 0.941386 %
Epoch: 20/100 AVG Training Loss: 0.158 AVG Test Loss: 0.170 AVG Training Acc 0.943647 AVG Test Acc 0.940607 %
Epoch: 30/100 AVG Training Loss: 0.146 AVG Test Loss: 0.174 AVG Training Acc 0.946518 AVG Test Acc 0.941179 %
Epoch: 40/100 AVG Training Loss: 0.138 AVG Test Loss: 0.175 AVG Training Acc 0.948527 AVG Test Acc 0.941110 %
Epoch: 50/100 AVG Training Loss: 0.132 AVG Test Loss: 0.177 AVG Training Acc 0.950135 AVG Test Acc 0.940896 %
Epoch: 60/100 AVG Training Loss: 0.124 AVG Test Loss: 0.185 AVG Training Acc 0.952321 AVG Test Acc 0.940518 %
Epoch: 70/100 AVG Training Loss: 0.119 AVG Test Loss: 0.188 AVG Training Acc 0.953968 AVG Test Acc 0.940793 %
Epoch: 80/100 AVG Training Loss: 0.114 AVG Test Loss: 0.189 AVG Training Acc 0.955726 AVG Test Acc 0.940580 %
Epoch: 90/100 AVG Training Loss: 0.109 AVG Test Loss: 0.190 AVG Training Acc 0.957768 AVG Test Acc 0.940456 %
Epoch: 100/100 AVG Training Loss: 0.107 AVG Test Loss: 0.202 AVG Training Acc 0.959248 AVG Test Acc 0.938981 %
Fold 4
Epoch: 10/100 AVG Training Loss: 0.171 AVG Test Loss: 0.173 AVG Training Acc 0.941252 AVG Test Acc 0.942309 %
Epoch: 20/100 AVG Training Loss: 0.157 AVG Test Loss: 0.171 AVG Training Acc 0.943257 AVG Test Acc 0.942984 %
Epoch: 30/100 AVG Training Loss: 0.147 AVG Test Loss: 0.170 AVG Training Acc 0.946243 AVG Test Acc 0.941992 %
Epoch: 40/100 AVG Training Loss: 0.138 AVG Test Loss: 0.172 AVG Training Acc 0.948188 AVG Test Acc 0.941682 %
Epoch: 50/100 AVG Training Loss: 0.130 AVG Test Loss: 0.175 AVG Training Acc 0.950595 AVG Test Acc 0.941696 %
Epoch: 60/100 AVG Training Loss: 0.125 AVG Test Loss: 0.179 AVG Training Acc 0.952542 AVG Test Acc 0.941351 %
Epoch: 70/100 AVG Training Loss: 0.119 AVG Test Loss: 0.182 AVG Training Acc 0.954415 AVG Test Acc 0.942116 %
Epoch: 80/100 AVG Training Loss: 0.114 AVG Test Loss: 0.185 AVG Training Acc 0.956310 AVG Test Acc 0.941448 %
Epoch: 90/100 AVG Training Loss: 0.109 AVG Test Loss: 0.190 AVG Training Acc 0.958188 AVG Test Acc 0.941200 %
Epoch: 100/100 AVG Training Loss: 0.107 AVG Test Loss: 0.193 AVG Training Acc 0.959629 AVG Test Acc 0.941434 %
Fold 5
Epoch: 10/100 AVG Training Loss: 0.171 AVG Test Loss: 0.171 AVG Training Acc 0.941079 AVG Test Acc 0.941324 %
Epoch: 20/100 AVG Training Loss: 0.159 AVG Test Loss: 0.167 AVG Training Acc 0.943162 AVG Test Acc 0.943177 %
Epoch: 30/100 AVG Training Loss: 0.148 AVG Test Loss: 0.171 AVG Training Acc 0.945624 AVG Test Acc 0.942695 %
Epoch: 40/100 AVG Training Loss: 0.139 AVG Test Loss: 0.173 AVG Training Acc 0.947444 AVG Test Acc 0.941613 %
Epoch: 50/100 AVG Training Loss: 0.131 AVG Test Loss: 0.179 AVG Training Acc 0.950008 AVG Test Acc 0.941806 %
Epoch: 60/100 AVG Training Loss: 0.125 AVG Test Loss: 0.178 AVG Training Acc 0.952786 AVG Test Acc 0.941889 %
Epoch: 70/100 AVG Training Loss: 0.121 AVG Test Loss: 0.181 AVG Training Acc 0.953638 AVG Test Acc 0.941613 %
Epoch: 80/100 AVG Training Loss: 0.114 AVG Test Loss: 0.183 AVG Training Acc 0.955857 AVG Test Acc 0.941510 %
Epoch: 90/100 AVG Training Loss: 0.110 AVG Test Loss: 0.186 AVG Training Acc 0.957397 AVG Test Acc 0.941310 %
Epoch: 100/100 AVG Training Loss: 0.108 AVG Test Loss: 0.189 AVG Training Acc 0.958249 AVG Test Acc 0.941392 %
Fold 6
Epoch: 10/100 AVG Training Loss: 0.172 AVG Test Loss: 0.172 AVG Training Acc 0.940844 AVG Test Acc 0.941806 %
Epoch: 20/100 AVG Training Loss: 0.158 AVG Test Loss: 0.168 AVG Training Acc 0.943645 AVG Test Acc 0.943632 %
Epoch: 30/100 AVG Training Loss: 0.146 AVG Test Loss: 0.170 AVG Training Acc 0.945769 AVG Test Acc 0.943507 %
Epoch: 40/100 AVG Training Loss: 0.139 AVG Test Loss: 0.176 AVG Training Acc 0.947952 AVG Test Acc 0.942791 %
Epoch: 50/100 AVG Training Loss: 0.131 AVG Test Loss: 0.176 AVG Training Acc 0.949741 AVG Test Acc 0.942612 %
Epoch: 60/100 AVG Training Loss: 0.126 AVG Test Loss: 0.184 AVG Training Acc 0.951869 AVG Test Acc 0.941420 %
Epoch: 70/100 AVG Training Loss: 0.120 AVG Test Loss: 0.180 AVG Training Acc 0.954285 AVG Test Acc 0.942426 %
Epoch: 80/100 AVG Training Loss: 0.114 AVG Test Loss: 0.185 AVG Training Acc 0.955644 AVG Test Acc 0.940655 %
Epoch: 90/100 AVG Training Loss: 0.111 AVG Test Loss: 0.190 AVG Training Acc 0.957013 AVG Test Acc 0.941117 %
Epoch: 100/100 AVG Training Loss: 0.105 AVG Test Loss: 0.198 AVG Training Acc 0.958781 AVG Test Acc 0.941503 %
Fold 7
Epoch: 10/100 AVG Training Loss: 0.170 AVG Test Loss: 0.177 AVG Training Acc 0.941401 AVG Test Acc 0.940497 %
Epoch: 20/100 AVG Training Loss: 0.157 AVG Test Loss: 0.176 AVG Training Acc 0.943887 AVG Test Acc 0.939787 %
Epoch: 30/100 AVG Training Loss: 0.146 AVG Test Loss: 0.175 AVG Training Acc 0.946480 AVG Test Acc 0.941399 %
Epoch: 40/100 AVG Training Loss: 0.137 AVG Test Loss: 0.177 AVG Training Acc 0.948124 AVG Test Acc 0.939994 %
Epoch: 50/100 AVG Training Loss: 0.129 AVG Test Loss: 0.180 AVG Training Acc 0.950538 AVG Test Acc 0.940607 %
Epoch: 60/100 AVG Training Loss: 0.123 AVG Test Loss: 0.183 AVG Training Acc 0.952617 AVG Test Acc 0.938623 %
Epoch: 70/100 AVG Training Loss: 0.119 AVG Test Loss: 0.184 AVG Training Acc 0.954246 AVG Test Acc 0.938850 %
Epoch: 80/100 AVG Training Loss: 0.115 AVG Test Loss: 0.184 AVG Training Acc 0.955502 AVG Test Acc 0.939484 %
Epoch: 90/100 AVG Training Loss: 0.109 AVG Test Loss: 0.188 AVG Training Acc 0.957552 AVG Test Acc 0.939581 %
Epoch: 100/100 AVG Training Loss: 0.107 AVG Test Loss: 0.190 AVG Training Acc 0.958766 AVG Test Acc 0.938644 %
Fold 8
Epoch: 10/100 AVG Training Loss: 0.172 AVG Test Loss: 0.171 AVG Training Acc 0.941009 AVG Test Acc 0.942605 %
Epoch: 20/100 AVG Training Loss: 0.157 AVG Test Loss: 0.170 AVG Training Acc 0.943572 AVG Test Acc 0.942302 %
Epoch: 30/100 AVG Training Loss: 0.147 AVG Test Loss: 0.173 AVG Training Acc 0.945953 AVG Test Acc 0.942157 %
Epoch: 40/100 AVG Training Loss: 0.138 AVG Test Loss: 0.175 AVG Training Acc 0.948510 AVG Test Acc 0.942894 %
Epoch: 50/100 AVG Training Loss: 0.131 AVG Test Loss: 0.175 AVG Training Acc 0.950482 AVG Test Acc 0.944066 %
Epoch: 60/100 AVG Training Loss: 0.125 AVG Test Loss: 0.179 AVG Training Acc 0.952107 AVG Test Acc 0.943108 %
Epoch: 70/100 AVG Training Loss: 0.119 AVG Test Loss: 0.181 AVG Training Acc 0.954177 AVG Test Acc 0.943253 %
Epoch: 80/100 AVG Training Loss: 0.114 AVG Test Loss: 0.186 AVG Training Acc 0.956050 AVG Test Acc 0.943397 %
Epoch: 90/100 AVG Training Loss: 0.110 AVG Test Loss: 0.187 AVG Training Acc 0.957942 AVG Test Acc 0.942784 %
Epoch: 100/100 AVG Training Loss: 0.106 AVG Test Loss: 0.191 AVG Training Acc 0.958977 AVG Test Acc 0.941723 %
Fold 9
Epoch: 10/100 AVG Training Loss: 0.172 AVG Test Loss: 0.173 AVG Training Acc 0.941126 AVG Test Acc 0.940235 %
Epoch: 20/100 AVG Training Loss: 0.158 AVG Test Loss: 0.167 AVG Training Acc 0.944135 AVG Test Acc 0.940545 %
Epoch: 30/100 AVG Training Loss: 0.146 AVG Test Loss: 0.169 AVG Training Acc 0.946532 AVG Test Acc 0.940648 %
Epoch: 40/100 AVG Training Loss: 0.137 AVG Test Loss: 0.173 AVG Training Acc 0.948343 AVG Test Acc 0.940345 %
Epoch: 50/100 AVG Training Loss: 0.131 AVG Test Loss: 0.181 AVG Training Acc 0.950113 AVG Test Acc 0.941055 %
Epoch: 60/100 AVG Training Loss: 0.124 AVG Test Loss: 0.179 AVG Training Acc 0.952589 AVG Test Acc 0.940862 %
Epoch: 70/100 AVG Training Loss: 0.119 AVG Test Loss: 0.177 AVG Training Acc 0.954568 AVG Test Acc 0.941000 %
Epoch: 80/100 AVG Training Loss: 0.113 AVG Test Loss: 0.186 AVG Training Acc 0.956236 AVG Test Acc 0.940862 %
Epoch: 90/100 AVG Training Loss: 0.110 AVG Test Loss: 0.184 AVG Training Acc 0.957964 AVG Test Acc 0.940077 %
Epoch: 100/100 AVG Training Loss: 0.106 AVG Test Loss: 0.191 AVG Training Acc 0.959287 AVG Test Acc 0.939884 %
Fold 10
Epoch: 10/100 AVG Training Loss: 0.171 AVG Test Loss: 0.171 AVG Training Acc 0.941182 AVG Test Acc 0.941151 %
Epoch: 20/100 AVG Training Loss: 0.158 AVG Test Loss: 0.171 AVG Training Acc 0.943790 AVG Test Acc 0.940952 %
Epoch: 30/100 AVG Training Loss: 0.147 AVG Test Loss: 0.171 AVG Training Acc 0.946341 AVG Test Acc 0.941964 %
Epoch: 40/100 AVG Training Loss: 0.138 AVG Test Loss: 0.175 AVG Training Acc 0.948211 AVG Test Acc 0.941613 %
Epoch: 50/100 AVG Training Loss: 0.129 AVG Test Loss: 0.178 AVG Training Acc 0.951304 AVG Test Acc 0.939732 %
Epoch: 60/100 AVG Training Loss: 0.124 AVG Test Loss: 0.178 AVG Training Acc 0.951974 AVG Test Acc 0.941627 %
Epoch: 70/100 AVG Training Loss: 0.120 AVG Test Loss: 0.183 AVG Training Acc 0.954090 AVG Test Acc 0.941027 %
Epoch: 80/100 AVG Training Loss: 0.114 AVG Test Loss: 0.187 AVG Training Acc 0.956258 AVG Test Acc 0.941296 %
Epoch: 90/100 AVG Training Loss: 0.110 AVG Test Loss: 0.192 AVG Training Acc 0.957560 AVG Test Acc 0.942178 %
Epoch: 100/100 AVG Training Loss: 0.106 AVG Test Loss: 0.192 AVG Training Acc 0.959138 AVG Test Acc 0.941889 %
Performance of 10 fold cross validation
Average Training Loss: 0.1065 	 Average Test Loss: 0.1915 	 Average Training Acc: 0.959070 	 Average Test Acc: 0.940886
/home/groups/rondror/software/jwang003/miniconda3/envs/genre-classification/lib/python3.10/site-packages/sklearn/metrics/_classification.py:1334: UndefinedMetricWarning: Precision and F-score are ill-defined and being set to 0.0 in labels with no predicted samples. Use `zero_division` parameter to control this behavior.
  _warn_prf(average, modifier, msg_start, len(result))
/home/groups/rondror/software/jwang003/miniconda3/envs/genre-classification/lib/python3.10/site-packages/sklearn/metrics/_classification.py:1334: UndefinedMetricWarning: Precision and F-score are ill-defined and being set to 0.0 in samples with no predicted labels. Use `zero_division` parameter to control this behavior.
  _warn_prf(average, modifier, msg_start, len(result))
Running Cross Validation on Batchsize = 32, Epochs = 100, Learning Rate = 0.001, Neurons = (300, 200)
Fold 1
/home/groups/rondror/software/jwang003/miniconda3/envs/genre-classification/lib/python3.10/site-packages/torch/nn/functional.py:1967: UserWarning: nn.functional.sigmoid is deprecated. Use torch.sigmoid instead.
  warnings.warn("nn.functional.sigmoid is deprecated. Use torch.sigmoid instead.")
Epoch: 10/100 AVG Training Loss: 0.171 AVG Test Loss: 0.171 AVG Training Acc 0.941036 AVG Test Acc 0.942108 %
Epoch: 20/100 AVG Training Loss: 0.155 AVG Test Loss: 0.171 AVG Training Acc 0.943927 AVG Test Acc 0.942595 %
Epoch: 30/100 AVG Training Loss: 0.144 AVG Test Loss: 0.173 AVG Training Acc 0.946916 AVG Test Acc 0.942532 %
Epoch: 40/100 AVG Training Loss: 0.135 AVG Test Loss: 0.174 AVG Training Acc 0.949221 AVG Test Acc 0.942499 %
Epoch: 50/100 AVG Training Loss: 0.128 AVG Test Loss: 0.176 AVG Training Acc 0.951287 AVG Test Acc 0.943141 %
Epoch: 60/100 AVG Training Loss: 0.120 AVG Test Loss: 0.172 AVG Training Acc 0.954220 AVG Test Acc 0.944420 %
Epoch: 70/100 AVG Training Loss: 0.116 AVG Test Loss: 0.178 AVG Training Acc 0.955983 AVG Test Acc 0.943546 %
Epoch: 80/100 AVG Training Loss: 0.110 AVG Test Loss: 0.181 AVG Training Acc 0.957431 AVG Test Acc 0.943430 %
Epoch: 90/100 AVG Training Loss: 0.106 AVG Test Loss: 0.183 AVG Training Acc 0.959734 AVG Test Acc 0.941203 %
Epoch: 100/100 AVG Training Loss: 0.100 AVG Test Loss: 0.191 AVG Training Acc 0.962154 AVG Test Acc 0.941955 %
Fold 2
Epoch: 10/100 AVG Training Loss: 0.171 AVG Test Loss: 0.174 AVG Training Acc 0.941233 AVG Test Acc 0.941144 %
Epoch: 20/100 AVG Training Loss: 0.156 AVG Test Loss: 0.167 AVG Training Acc 0.944074 AVG Test Acc 0.943078 %
Epoch: 30/100 AVG Training Loss: 0.144 AVG Test Loss: 0.170 AVG Training Acc 0.946834 AVG Test Acc 0.942316 %
Epoch: 40/100 AVG Training Loss: 0.134 AVG Test Loss: 0.169 AVG Training Acc 0.949237 AVG Test Acc 0.942146 %
Epoch: 50/100 AVG Training Loss: 0.127 AVG Test Loss: 0.172 AVG Training Acc 0.952133 AVG Test Acc 0.942397 %
Epoch: 60/100 AVG Training Loss: 0.121 AVG Test Loss: 0.176 AVG Training Acc 0.954530 AVG Test Acc 0.941245 %
Epoch: 70/100 AVG Training Loss: 0.116 AVG Test Loss: 0.175 AVG Training Acc 0.955782 AVG Test Acc 0.940864 %
Epoch: 80/100 AVG Training Loss: 0.110 AVG Test Loss: 0.183 AVG Training Acc 0.958233 AVG Test Acc 0.941775 %
Epoch: 90/100 AVG Training Loss: 0.108 AVG Test Loss: 0.179 AVG Training Acc 0.959579 AVG Test Acc 0.940488 %
Epoch: 100/100 AVG Training Loss: 0.101 AVG Test Loss: 0.182 AVG Training Acc 0.961782 AVG Test Acc 0.941511 %
Fold 3
Epoch: 10/100 AVG Training Loss: 0.170 AVG Test Loss: 0.172 AVG Training Acc 0.941563 AVG Test Acc 0.941000 %
Epoch: 20/100 AVG Training Loss: 0.155 AVG Test Loss: 0.172 AVG Training Acc 0.943764 AVG Test Acc 0.940435 %
Epoch: 30/100 AVG Training Loss: 0.142 AVG Test Loss: 0.173 AVG Training Acc 0.947354 AVG Test Acc 0.940600 %
Epoch: 40/100 AVG Training Loss: 0.134 AVG Test Loss: 0.174 AVG Training Acc 0.949531 AVG Test Acc 0.941193 %
Epoch: 50/100 AVG Training Loss: 0.128 AVG Test Loss: 0.176 AVG Training Acc 0.951959 AVG Test Acc 0.940146 %
Epoch: 60/100 AVG Training Loss: 0.121 AVG Test Loss: 0.183 AVG Training Acc 0.954093 AVG Test Acc 0.941351 %
Epoch: 70/100 AVG Training Loss: 0.115 AVG Test Loss: 0.191 AVG Training Acc 0.956647 AVG Test Acc 0.940139 %
Epoch: 80/100 AVG Training Loss: 0.109 AVG Test Loss: 0.187 AVG Training Acc 0.958627 AVG Test Acc 0.939966 %
Epoch: 90/100 AVG Training Loss: 0.105 AVG Test Loss: 0.192 AVG Training Acc 0.959991 AVG Test Acc 0.940221 %
Epoch: 100/100 AVG Training Loss: 0.101 AVG Test Loss: 0.204 AVG Training Acc 0.961709 AVG Test Acc 0.938830 %
Fold 4
Epoch: 10/100 AVG Training Loss: 0.169 AVG Test Loss: 0.173 AVG Training Acc 0.941658 AVG Test Acc 0.942095 %
Epoch: 20/100 AVG Training Loss: 0.155 AVG Test Loss: 0.172 AVG Training Acc 0.944383 AVG Test Acc 0.940531 %
Epoch: 30/100 AVG Training Loss: 0.145 AVG Test Loss: 0.179 AVG Training Acc 0.946576 AVG Test Acc 0.940635 %
Epoch: 40/100 AVG Training Loss: 0.135 AVG Test Loss: 0.175 AVG Training Acc 0.949222 AVG Test Acc 0.941138 %
Epoch: 50/100 AVG Training Loss: 0.128 AVG Test Loss: 0.177 AVG Training Acc 0.951944 AVG Test Acc 0.941055 %
Epoch: 60/100 AVG Training Loss: 0.122 AVG Test Loss: 0.178 AVG Training Acc 0.954130 AVG Test Acc 0.941668 %
Epoch: 70/100 AVG Training Loss: 0.115 AVG Test Loss: 0.187 AVG Training Acc 0.956256 AVG Test Acc 0.940965 %
Epoch: 80/100 AVG Training Loss: 0.111 AVG Test Loss: 0.188 AVG Training Acc 0.958002 AVG Test Acc 0.940669 %
Epoch: 90/100 AVG Training Loss: 0.106 AVG Test Loss: 0.188 AVG Training Acc 0.959455 AVG Test Acc 0.940559 %
Epoch: 100/100 AVG Training Loss: 0.101 AVG Test Loss: 0.189 AVG Training Acc 0.962086 AVG Test Acc 0.941275 %
Fold 5
Epoch: 10/100 AVG Training Loss: 0.170 AVG Test Loss: 0.170 AVG Training Acc 0.941201 AVG Test Acc 0.942185 %
Epoch: 20/100 AVG Training Loss: 0.156 AVG Test Loss: 0.173 AVG Training Acc 0.943888 AVG Test Acc 0.942040 %
Epoch: 30/100 AVG Training Loss: 0.144 AVG Test Loss: 0.171 AVG Training Acc 0.947186 AVG Test Acc 0.942529 %
Epoch: 40/100 AVG Training Loss: 0.136 AVG Test Loss: 0.171 AVG Training Acc 0.948963 AVG Test Acc 0.942874 %
Epoch: 50/100 AVG Training Loss: 0.128 AVG Test Loss: 0.176 AVG Training Acc 0.951838 AVG Test Acc 0.942054 %
Epoch: 60/100 AVG Training Loss: 0.121 AVG Test Loss: 0.176 AVG Training Acc 0.954009 AVG Test Acc 0.941737 %
Epoch: 70/100 AVG Training Loss: 0.115 AVG Test Loss: 0.179 AVG Training Acc 0.956957 AVG Test Acc 0.942281 %
Epoch: 80/100 AVG Training Loss: 0.112 AVG Test Loss: 0.177 AVG Training Acc 0.957643 AVG Test Acc 0.942081 %
Epoch: 90/100 AVG Training Loss: 0.106 AVG Test Loss: 0.183 AVG Training Acc 0.960118 AVG Test Acc 0.940772 %
Epoch: 100/100 AVG Training Loss: 0.102 AVG Test Loss: 0.192 AVG Training Acc 0.961521 AVG Test Acc 0.941785 %
Fold 6
Epoch: 10/100 AVG Training Loss: 0.169 AVG Test Loss: 0.172 AVG Training Acc 0.941015 AVG Test Acc 0.942343 %
Epoch: 20/100 AVG Training Loss: 0.156 AVG Test Loss: 0.172 AVG Training Acc 0.943769 AVG Test Acc 0.941544 %
Epoch: 30/100 AVG Training Loss: 0.145 AVG Test Loss: 0.172 AVG Training Acc 0.946347 AVG Test Acc 0.942295 %
Epoch: 40/100 AVG Training Loss: 0.135 AVG Test Loss: 0.176 AVG Training Acc 0.949142 AVG Test Acc 0.942846 %
Epoch: 50/100 AVG Training Loss: 0.127 AVG Test Loss: 0.172 AVG Training Acc 0.952025 AVG Test Acc 0.943597 %
Epoch: 60/100 AVG Training Loss: 0.120 AVG Test Loss: 0.181 AVG Training Acc 0.954328 AVG Test Acc 0.941647 %
Epoch: 70/100 AVG Training Loss: 0.114 AVG Test Loss: 0.184 AVG Training Acc 0.956698 AVG Test Acc 0.942398 %
Epoch: 80/100 AVG Training Loss: 0.111 AVG Test Loss: 0.181 AVG Training Acc 0.957763 AVG Test Acc 0.942109 %
Epoch: 90/100 AVG Training Loss: 0.105 AVG Test Loss: 0.184 AVG Training Acc 0.959937 AVG Test Acc 0.940965 %
Epoch: 100/100 AVG Training Loss: 0.101 AVG Test Loss: 0.188 AVG Training Acc 0.961836 AVG Test Acc 0.942440 %
Fold 7
Epoch: 10/100 AVG Training Loss: 0.170 AVG Test Loss: 0.179 AVG Training Acc 0.941044 AVG Test Acc 0.938940 %
Epoch: 20/100 AVG Training Loss: 0.154 AVG Test Loss: 0.178 AVG Training Acc 0.944571 AVG Test Acc 0.940152 %
Epoch: 30/100 AVG Training Loss: 0.142 AVG Test Loss: 0.176 AVG Training Acc 0.947494 AVG Test Acc 0.940704 %
Epoch: 40/100 AVG Training Loss: 0.134 AVG Test Loss: 0.176 AVG Training Acc 0.949953 AVG Test Acc 0.940077 %
Epoch: 50/100 AVG Training Loss: 0.126 AVG Test Loss: 0.178 AVG Training Acc 0.952118 AVG Test Acc 0.939422 %
Epoch: 60/100 AVG Training Loss: 0.120 AVG Test Loss: 0.180 AVG Training Acc 0.954611 AVG Test Acc 0.940366 %
Epoch: 70/100 AVG Training Loss: 0.115 AVG Test Loss: 0.183 AVG Training Acc 0.956445 AVG Test Acc 0.940676 %
Epoch: 80/100 AVG Training Loss: 0.110 AVG Test Loss: 0.184 AVG Training Acc 0.958420 AVG Test Acc 0.940366 %
Epoch: 90/100 AVG Training Loss: 0.104 AVG Test Loss: 0.192 AVG Training Acc 0.960439 AVG Test Acc 0.938485 %
Epoch: 100/100 AVG Training Loss: 0.103 AVG Test Loss: 0.188 AVG Training Acc 0.961552 AVG Test Acc 0.939429 %
Fold 8
Epoch: 10/100 AVG Training Loss: 0.171 AVG Test Loss: 0.171 AVG Training Acc 0.941342 AVG Test Acc 0.941799 %
Epoch: 20/100 AVG Training Loss: 0.156 AVG Test Loss: 0.172 AVG Training Acc 0.944479 AVG Test Acc 0.942412 %
Epoch: 30/100 AVG Training Loss: 0.145 AVG Test Loss: 0.172 AVG Training Acc 0.946790 AVG Test Acc 0.941902 %
Epoch: 40/100 AVG Training Loss: 0.136 AVG Test Loss: 0.174 AVG Training Acc 0.949377 AVG Test Acc 0.942612 %
Epoch: 50/100 AVG Training Loss: 0.128 AVG Test Loss: 0.173 AVG Training Acc 0.951514 AVG Test Acc 0.943225 %
Epoch: 60/100 AVG Training Loss: 0.123 AVG Test Loss: 0.177 AVG Training Acc 0.953601 AVG Test Acc 0.942819 %
Epoch: 70/100 AVG Training Loss: 0.116 AVG Test Loss: 0.178 AVG Training Acc 0.955944 AVG Test Acc 0.942722 %
Epoch: 80/100 AVG Training Loss: 0.112 AVG Test Loss: 0.185 AVG Training Acc 0.957570 AVG Test Acc 0.942681 %
Epoch: 90/100 AVG Training Loss: 0.106 AVG Test Loss: 0.186 AVG Training Acc 0.959788 AVG Test Acc 0.943046 %
Epoch: 100/100 AVG Training Loss: 0.102 AVG Test Loss: 0.184 AVG Training Acc 0.961232 AVG Test Acc 0.941482 %
Fold 9
Epoch: 10/100 AVG Training Loss: 0.171 AVG Test Loss: 0.174 AVG Training Acc 0.941418 AVG Test Acc 0.939863 %
Epoch: 20/100 AVG Training Loss: 0.155 AVG Test Loss: 0.174 AVG Training Acc 0.944603 AVG Test Acc 0.940531 %
Epoch: 30/100 AVG Training Loss: 0.144 AVG Test Loss: 0.174 AVG Training Acc 0.946795 AVG Test Acc 0.941289 %
Epoch: 40/100 AVG Training Loss: 0.134 AVG Test Loss: 0.173 AVG Training Acc 0.949706 AVG Test Acc 0.941186 %
Epoch: 50/100 AVG Training Loss: 0.126 AVG Test Loss: 0.173 AVG Training Acc 0.952021 AVG Test Acc 0.941227 %
Epoch: 60/100 AVG Training Loss: 0.121 AVG Test Loss: 0.178 AVG Training Acc 0.954066 AVG Test Acc 0.940669 %
Epoch: 70/100 AVG Training Loss: 0.115 AVG Test Loss: 0.182 AVG Training Acc 0.956885 AVG Test Acc 0.940449 %
Epoch: 80/100 AVG Training Loss: 0.109 AVG Test Loss: 0.182 AVG Training Acc 0.958711 AVG Test Acc 0.940483 %
Epoch: 90/100 AVG Training Loss: 0.107 AVG Test Loss: 0.186 AVG Training Acc 0.960040 AVG Test Acc 0.940531 %
Epoch: 100/100 AVG Training Loss: 0.101 AVG Test Loss: 0.194 AVG Training Acc 0.962032 AVG Test Acc 0.939946 %
Fold 10
Epoch: 10/100 AVG Training Loss: 0.169 AVG Test Loss: 0.175 AVG Training Acc 0.941334 AVG Test Acc 0.940642 %
Epoch: 20/100 AVG Training Loss: 0.154 AVG Test Loss: 0.174 AVG Training Acc 0.944293 AVG Test Acc 0.941255 %
Epoch: 30/100 AVG Training Loss: 0.143 AVG Test Loss: 0.178 AVG Training Acc 0.947028 AVG Test Acc 0.941441 %
Epoch: 40/100 AVG Training Loss: 0.135 AVG Test Loss: 0.178 AVG Training Acc 0.950029 AVG Test Acc 0.942226 %
Epoch: 50/100 AVG Training Loss: 0.128 AVG Test Loss: 0.181 AVG Training Acc 0.952261 AVG Test Acc 0.941096 %
Epoch: 60/100 AVG Training Loss: 0.120 AVG Test Loss: 0.181 AVG Training Acc 0.954528 AVG Test Acc 0.942109 %
Epoch: 70/100 AVG Training Loss: 0.115 AVG Test Loss: 0.187 AVG Training Acc 0.956611 AVG Test Acc 0.941503 %
Epoch: 80/100 AVG Training Loss: 0.109 AVG Test Loss: 0.190 AVG Training Acc 0.958271 AVG Test Acc 0.940621 %
Epoch: 90/100 AVG Training Loss: 0.106 AVG Test Loss: 0.192 AVG Training Acc 0.960535 AVG Test Acc 0.942123 %
Epoch: 100/100 AVG Training Loss: 0.100 AVG Test Loss: 0.187 AVG Training Acc 0.962326 AVG Test Acc 0.941413 %
Performance of 10 fold cross validation
Average Training Loss: 0.1011 	 Average Test Loss: 0.1899 	 Average Training Acc: 0.961823 	 Average Test Acc: 0.941007
/home/groups/rondror/software/jwang003/miniconda3/envs/genre-classification/lib/python3.10/site-packages/sklearn/metrics/_classification.py:1334: UndefinedMetricWarning: Precision and F-score are ill-defined and being set to 0.0 in labels with no predicted samples. Use `zero_division` parameter to control this behavior.
  _warn_prf(average, modifier, msg_start, len(result))
/home/groups/rondror/software/jwang003/miniconda3/envs/genre-classification/lib/python3.10/site-packages/sklearn/metrics/_classification.py:1334: UndefinedMetricWarning: Precision and F-score are ill-defined and being set to 0.0 in samples with no predicted labels. Use `zero_division` parameter to control this behavior.
  _warn_prf(average, modifier, msg_start, len(result))
[((32, 100, 0.001, (200, 100)), 0.3452374520503539), ((32, 100, 0.001, (256, 128)), 0.3393224374932352), ((32, 100, 0.001, (300, 200)), 0.33069568084404877)]
{'hyperparameters': (32, 100, 0.001, (200, 100)), 'f1-score': 0.3452374520503539}
/home/groups/rondror/software/jwang003/miniconda3/envs/genre-classification/lib/python3.10/site-packages/torch/nn/functional.py:1967: UserWarning: nn.functional.sigmoid is deprecated. Use torch.sigmoid instead.
  warnings.warn("nn.functional.sigmoid is deprecated. Use torch.sigmoid instead.")
tensor(0.1865, grad_fn=<BinaryCrossEntropyBackward0>)
0.9237508638356687
tensor(0.1908, grad_fn=<BinaryCrossEntropyBackward0>)
0.9380439253667646
tensor(0.1527, grad_fn=<BinaryCrossEntropyBackward0>)
0.939994946064881
tensor(0.1511, grad_fn=<BinaryCrossEntropyBackward0>)
0.9414167236471507
tensor(0.1401, grad_fn=<BinaryCrossEntropyBackward0>)
0.942626881040311
tensor(0.1410, grad_fn=<BinaryCrossEntropyBackward0>)
0.9436910267157096
tensor(0.1233, grad_fn=<BinaryCrossEntropyBackward0>)
0.9447024984627729
tensor(0.1085, grad_fn=<BinaryCrossEntropyBackward0>)
0.9456449812867771
tensor(0.1344, grad_fn=<BinaryCrossEntropyBackward0>)
0.9465549257167519
tensor(0.1047, grad_fn=<BinaryCrossEntropyBackward0>)
0.9473936516490848
Finished Job
