Activated Environment
Python 3.10.8
/scratch/users/jwang003/GenreClassification/test.py:58: FutureWarning: The frame.append method is deprecated and will be removed from pandas in a future version. Use pandas.concat instead.
  full_train = data_p1.append(data_p2)
/home/groups/rondror/software/jwang003/miniconda3/envs/genre-classification/lib/python3.10/site-packages/torch/nn/functional.py:1967: UserWarning: nn.functional.sigmoid is deprecated. Use torch.sigmoid instead.
  warnings.warn("nn.functional.sigmoid is deprecated. Use torch.sigmoid instead.")
test set
tensor(0.2700, grad_fn=<BinaryCrossEntropyBackward0>)
0.9377237737200143
[0. 0. 0. 0. 0. 0. 0. 0. 0. 0. 0. 0. 0. 0. 0. 0. 0. 0. 0. 0. 0. 0. 0. 0.] 1862
/home/groups/rondror/software/jwang003/miniconda3/envs/genre-classification/lib/python3.10/site-packages/sklearn/metrics/_classification.py:1334: UndefinedMetricWarning: Precision and F-score are ill-defined and being set to 0.0 in labels with no predicted samples. Use `zero_division` parameter to control this behavior.
  _warn_prf(average, modifier, msg_start, len(result))
/home/groups/rondror/software/jwang003/miniconda3/envs/genre-classification/lib/python3.10/site-packages/sklearn/metrics/_classification.py:1334: UndefinedMetricWarning: Precision and F-score are ill-defined and being set to 0.0 in samples with no predicted labels. Use `zero_division` parameter to control this behavior.
  _warn_prf(average, modifier, msg_start, len(result))
/scratch/users/jwang003/GenreClassification/test.py:58: FutureWarning: The frame.append method is deprecated and will be removed from pandas in a future version. Use pandas.concat instead.
  full_train = data_p1.append(data_p2)
/home/groups/rondror/software/jwang003/miniconda3/envs/genre-classification/lib/python3.10/site-packages/torch/nn/functional.py:1967: UserWarning: nn.functional.sigmoid is deprecated. Use torch.sigmoid instead.
  warnings.warn("nn.functional.sigmoid is deprecated. Use torch.sigmoid instead.")
test set
tensor(0.1426, grad_fn=<BinaryCrossEntropyBackward0>)
0.9411475116362333
[0. 0. 0. 0. 0. 0. 0. 0. 0. 0. 0. 0. 0. 0. 0. 0. 0. 0. 0. 0. 0. 0. 0. 0.] 1862
/home/groups/rondror/software/jwang003/miniconda3/envs/genre-classification/lib/python3.10/site-packages/sklearn/metrics/_classification.py:1334: UndefinedMetricWarning: Precision and F-score are ill-defined and being set to 0.0 in labels with no predicted samples. Use `zero_division` parameter to control this behavior.
  _warn_prf(average, modifier, msg_start, len(result))
/home/groups/rondror/software/jwang003/miniconda3/envs/genre-classification/lib/python3.10/site-packages/sklearn/metrics/_classification.py:1334: UndefinedMetricWarning: Precision and F-score are ill-defined and being set to 0.0 in samples with no predicted labels. Use `zero_division` parameter to control this behavior.
  _warn_prf(average, modifier, msg_start, len(result))
/scratch/users/jwang003/GenreClassification/test.py:58: FutureWarning: The frame.append method is deprecated and will be removed from pandas in a future version. Use pandas.concat instead.
  full_train = data_p1.append(data_p2)
