Activated Environment
/scratch/users/jwang003/GenreClassification/train/train_multilabel_nn_lle.py:30: FutureWarning: The frame.append method is deprecated and will be removed from pandas in a future version. Use pandas.concat instead.
  full_train = data_p1.append(data_p2)
Running Cross Validation on Batchsize = 16, Epochs = 100, Learning Rate = 0.001, Neurons = (64, 32)
Fold 1
/home/groups/rondror/software/jwang003/miniconda3/envs/genre-classification/lib/python3.10/site-packages/torch/nn/functional.py:1967: UserWarning: nn.functional.sigmoid is deprecated. Use torch.sigmoid instead.
  warnings.warn("nn.functional.sigmoid is deprecated. Use torch.sigmoid instead.")
Epoch: 10/100 AVG Training Loss: 0.214 AVG Test Loss: 0.211 AVG Training Acc 0.937409 AVG Test Acc 0.937229 %
Epoch: 20/100 AVG Training Loss: 0.212 AVG Test Loss: 0.210 AVG Training Acc 0.937413 AVG Test Acc 0.937218 %
Epoch: 30/100 AVG Training Loss: 0.206 AVG Test Loss: 0.204 AVG Training Acc 0.937412 AVG Test Acc 0.937047 %
Epoch: 40/100 AVG Training Loss: 0.205 AVG Test Loss: 0.203 AVG Training Acc 0.937426 AVG Test Acc 0.937085 %
Epoch: 50/100 AVG Training Loss: 0.204 AVG Test Loss: 0.202 AVG Training Acc 0.937428 AVG Test Acc 0.937085 %
Epoch: 60/100 AVG Training Loss: 0.203 AVG Test Loss: 0.202 AVG Training Acc 0.937404 AVG Test Acc 0.937085 %
Epoch: 70/100 AVG Training Loss: 0.202 AVG Test Loss: 0.202 AVG Training Acc 0.937400 AVG Test Acc 0.937118 %
Epoch: 80/100 AVG Training Loss: 0.202 AVG Test Loss: 0.202 AVG Training Acc 0.937408 AVG Test Acc 0.937051 %
Epoch: 90/100 AVG Training Loss: 0.202 AVG Test Loss: 0.202 AVG Training Acc 0.937435 AVG Test Acc 0.937096 %
Epoch: 100/100 AVG Training Loss: 0.201 AVG Test Loss: 0.202 AVG Training Acc 0.937392 AVG Test Acc 0.937036 %
Fold 2
Epoch: 10/100 AVG Training Loss: 0.214 AVG Test Loss: 0.209 AVG Training Acc 0.937451 AVG Test Acc 0.936843 %
Epoch: 20/100 AVG Training Loss: 0.210 AVG Test Loss: 0.204 AVG Training Acc 0.937454 AVG Test Acc 0.936843 %
Epoch: 30/100 AVG Training Loss: 0.206 AVG Test Loss: 0.202 AVG Training Acc 0.937464 AVG Test Acc 0.936866 %
Epoch: 40/100 AVG Training Loss: 0.205 AVG Test Loss: 0.201 AVG Training Acc 0.937470 AVG Test Acc 0.936855 %
Epoch: 50/100 AVG Training Loss: 0.204 AVG Test Loss: 0.200 AVG Training Acc 0.937450 AVG Test Acc 0.936843 %
Epoch: 60/100 AVG Training Loss: 0.203 AVG Test Loss: 0.200 AVG Training Acc 0.937454 AVG Test Acc 0.936810 %
Epoch: 70/100 AVG Training Loss: 0.202 AVG Test Loss: 0.200 AVG Training Acc 0.937502 AVG Test Acc 0.936843 %
Epoch: 80/100 AVG Training Loss: 0.202 AVG Test Loss: 0.199 AVG Training Acc 0.937456 AVG Test Acc 0.936806 %
Epoch: 90/100 AVG Training Loss: 0.202 AVG Test Loss: 0.200 AVG Training Acc 0.937440 AVG Test Acc 0.936821 %
Epoch: 100/100 AVG Training Loss: 0.201 AVG Test Loss: 0.199 AVG Training Acc 0.937459 AVG Test Acc 0.936829 %
Fold 3
Epoch: 10/100 AVG Training Loss: 0.214 AVG Test Loss: 0.208 AVG Training Acc 0.937302 AVG Test Acc 0.938175 %
Epoch: 20/100 AVG Training Loss: 0.212 AVG Test Loss: 0.208 AVG Training Acc 0.937301 AVG Test Acc 0.938207 %
Epoch: 30/100 AVG Training Loss: 0.206 AVG Test Loss: 0.201 AVG Training Acc 0.937310 AVG Test Acc 0.938207 %
Epoch: 40/100 AVG Training Loss: 0.205 AVG Test Loss: 0.199 AVG Training Acc 0.937286 AVG Test Acc 0.938191 %
Epoch: 50/100 AVG Training Loss: 0.204 AVG Test Loss: 0.199 AVG Training Acc 0.937302 AVG Test Acc 0.938288 %
Epoch: 60/100 AVG Training Loss: 0.203 AVG Test Loss: 0.198 AVG Training Acc 0.937299 AVG Test Acc 0.938352 %
Epoch: 70/100 AVG Training Loss: 0.202 AVG Test Loss: 0.199 AVG Training Acc 0.937296 AVG Test Acc 0.938336 %
Epoch: 80/100 AVG Training Loss: 0.202 AVG Test Loss: 0.199 AVG Training Acc 0.937312 AVG Test Acc 0.938256 %
Epoch: 90/100 AVG Training Loss: 0.202 AVG Test Loss: 0.199 AVG Training Acc 0.937312 AVG Test Acc 0.938256 %
Epoch: 100/100 AVG Training Loss: 0.201 AVG Test Loss: 0.198 AVG Training Acc 0.937308 AVG Test Acc 0.938272 %
Fold 4
Epoch: 10/100 AVG Training Loss: 0.214 AVG Test Loss: 0.209 AVG Training Acc 0.937375 AVG Test Acc 0.937548 %
Epoch: 20/100 AVG Training Loss: 0.212 AVG Test Loss: 0.208 AVG Training Acc 0.937377 AVG Test Acc 0.937548 %
Epoch: 30/100 AVG Training Loss: 0.206 AVG Test Loss: 0.201 AVG Training Acc 0.937369 AVG Test Acc 0.937596 %
Epoch: 40/100 AVG Training Loss: 0.205 AVG Test Loss: 0.201 AVG Training Acc 0.937355 AVG Test Acc 0.937500 %
Epoch: 50/100 AVG Training Loss: 0.203 AVG Test Loss: 0.200 AVG Training Acc 0.937387 AVG Test Acc 0.937548 %
Epoch: 60/100 AVG Training Loss: 0.203 AVG Test Loss: 0.200 AVG Training Acc 0.937371 AVG Test Acc 0.937564 %
Epoch: 70/100 AVG Training Loss: 0.202 AVG Test Loss: 0.199 AVG Training Acc 0.937413 AVG Test Acc 0.937596 %
Epoch: 80/100 AVG Training Loss: 0.202 AVG Test Loss: 0.199 AVG Training Acc 0.937352 AVG Test Acc 0.937580 %
Epoch: 90/100 AVG Training Loss: 0.201 AVG Test Loss: 0.199 AVG Training Acc 0.937365 AVG Test Acc 0.937613 %
Epoch: 100/100 AVG Training Loss: 0.201 AVG Test Loss: 0.199 AVG Training Acc 0.937397 AVG Test Acc 0.937613 %
Fold 5
Epoch: 10/100 AVG Training Loss: 0.214 AVG Test Loss: 0.210 AVG Training Acc 0.937425 AVG Test Acc 0.937130 %
Epoch: 20/100 AVG Training Loss: 0.212 AVG Test Loss: 0.210 AVG Training Acc 0.937426 AVG Test Acc 0.937146 %
Epoch: 30/100 AVG Training Loss: 0.206 AVG Test Loss: 0.203 AVG Training Acc 0.937429 AVG Test Acc 0.937098 %
Epoch: 40/100 AVG Training Loss: 0.204 AVG Test Loss: 0.202 AVG Training Acc 0.937432 AVG Test Acc 0.937114 %
Epoch: 50/100 AVG Training Loss: 0.203 AVG Test Loss: 0.201 AVG Training Acc 0.937408 AVG Test Acc 0.937146 %
Epoch: 60/100 AVG Training Loss: 0.202 AVG Test Loss: 0.201 AVG Training Acc 0.937425 AVG Test Acc 0.937114 %
Epoch: 70/100 AVG Training Loss: 0.202 AVG Test Loss: 0.201 AVG Training Acc 0.937415 AVG Test Acc 0.937082 %
Epoch: 80/100 AVG Training Loss: 0.202 AVG Test Loss: 0.201 AVG Training Acc 0.937425 AVG Test Acc 0.937098 %
Epoch: 90/100 AVG Training Loss: 0.201 AVG Test Loss: 0.201 AVG Training Acc 0.937427 AVG Test Acc 0.937130 %
Epoch: 100/100 AVG Training Loss: 0.201 AVG Test Loss: 0.201 AVG Training Acc 0.937329 AVG Test Acc 0.937130 %
Fold 6
Epoch: 10/100 AVG Training Loss: 0.214 AVG Test Loss: 0.208 AVG Training Acc 0.937241 AVG Test Acc 0.938786 %
Epoch: 20/100 AVG Training Loss: 0.212 AVG Test Loss: 0.207 AVG Training Acc 0.937242 AVG Test Acc 0.938754 %
Epoch: 30/100 AVG Training Loss: 0.206 AVG Test Loss: 0.201 AVG Training Acc 0.937218 AVG Test Acc 0.938754 %
Epoch: 40/100 AVG Training Loss: 0.204 AVG Test Loss: 0.200 AVG Training Acc 0.937226 AVG Test Acc 0.938738 %
Epoch: 50/100 AVG Training Loss: 0.203 AVG Test Loss: 0.201 AVG Training Acc 0.937241 AVG Test Acc 0.938722 %
Epoch: 60/100 AVG Training Loss: 0.203 AVG Test Loss: 0.200 AVG Training Acc 0.937270 AVG Test Acc 0.938754 %
Epoch: 70/100 AVG Training Loss: 0.202 AVG Test Loss: 0.200 AVG Training Acc 0.937236 AVG Test Acc 0.938818 %
Epoch: 80/100 AVG Training Loss: 0.201 AVG Test Loss: 0.200 AVG Training Acc 0.937267 AVG Test Acc 0.938770 %
Epoch: 90/100 AVG Training Loss: 0.201 AVG Test Loss: 0.200 AVG Training Acc 0.937261 AVG Test Acc 0.938706 %
Epoch: 100/100 AVG Training Loss: 0.201 AVG Test Loss: 0.200 AVG Training Acc 0.937278 AVG Test Acc 0.938657 %
Fold 7
Epoch: 10/100 AVG Training Loss: 0.214 AVG Test Loss: 0.210 AVG Training Acc 0.937429 AVG Test Acc 0.937082 %
Epoch: 20/100 AVG Training Loss: 0.209 AVG Test Loss: 0.206 AVG Training Acc 0.937442 AVG Test Acc 0.936953 %
Epoch: 30/100 AVG Training Loss: 0.205 AVG Test Loss: 0.204 AVG Training Acc 0.937429 AVG Test Acc 0.936953 %
Epoch: 40/100 AVG Training Loss: 0.204 AVG Test Loss: 0.203 AVG Training Acc 0.937451 AVG Test Acc 0.936986 %
Epoch: 50/100 AVG Training Loss: 0.203 AVG Test Loss: 0.203 AVG Training Acc 0.937436 AVG Test Acc 0.936970 %
Epoch: 60/100 AVG Training Loss: 0.202 AVG Test Loss: 0.202 AVG Training Acc 0.937429 AVG Test Acc 0.936953 %
Epoch: 70/100 AVG Training Loss: 0.202 AVG Test Loss: 0.202 AVG Training Acc 0.937425 AVG Test Acc 0.936953 %
Epoch: 80/100 AVG Training Loss: 0.202 AVG Test Loss: 0.202 AVG Training Acc 0.937384 AVG Test Acc 0.936841 %
Epoch: 90/100 AVG Training Loss: 0.201 AVG Test Loss: 0.202 AVG Training Acc 0.937382 AVG Test Acc 0.936841 %
Epoch: 100/100 AVG Training Loss: 0.201 AVG Test Loss: 0.202 AVG Training Acc 0.937389 AVG Test Acc 0.936937 %
Fold 8
Epoch: 10/100 AVG Training Loss: 0.215 AVG Test Loss: 0.208 AVG Training Acc 0.937344 AVG Test Acc 0.937822 %
Epoch: 20/100 AVG Training Loss: 0.211 AVG Test Loss: 0.205 AVG Training Acc 0.937343 AVG Test Acc 0.937838 %
Epoch: 30/100 AVG Training Loss: 0.206 AVG Test Loss: 0.201 AVG Training Acc 0.937349 AVG Test Acc 0.937822 %
Epoch: 40/100 AVG Training Loss: 0.204 AVG Test Loss: 0.200 AVG Training Acc 0.937332 AVG Test Acc 0.937838 %
Epoch: 50/100 AVG Training Loss: 0.204 AVG Test Loss: 0.199 AVG Training Acc 0.937338 AVG Test Acc 0.937886 %
Epoch: 60/100 AVG Training Loss: 0.202 AVG Test Loss: 0.199 AVG Training Acc 0.937349 AVG Test Acc 0.937886 %
Epoch: 70/100 AVG Training Loss: 0.202 AVG Test Loss: 0.199 AVG Training Acc 0.937370 AVG Test Acc 0.937854 %
Epoch: 80/100 AVG Training Loss: 0.202 AVG Test Loss: 0.199 AVG Training Acc 0.937355 AVG Test Acc 0.937934 %
Epoch: 90/100 AVG Training Loss: 0.201 AVG Test Loss: 0.198 AVG Training Acc 0.937360 AVG Test Acc 0.937918 %
Epoch: 100/100 AVG Training Loss: 0.201 AVG Test Loss: 0.198 AVG Training Acc 0.937338 AVG Test Acc 0.937982 %
Fold 9
Epoch: 10/100 AVG Training Loss: 0.215 AVG Test Loss: 0.212 AVG Training Acc 0.937469 AVG Test Acc 0.936696 %
Epoch: 20/100 AVG Training Loss: 0.212 AVG Test Loss: 0.211 AVG Training Acc 0.937469 AVG Test Acc 0.936712 %
Epoch: 30/100 AVG Training Loss: 0.206 AVG Test Loss: 0.204 AVG Training Acc 0.937440 AVG Test Acc 0.936761 %
Epoch: 40/100 AVG Training Loss: 0.204 AVG Test Loss: 0.203 AVG Training Acc 0.937480 AVG Test Acc 0.936761 %
Epoch: 50/100 AVG Training Loss: 0.203 AVG Test Loss: 0.202 AVG Training Acc 0.937504 AVG Test Acc 0.936793 %
Epoch: 60/100 AVG Training Loss: 0.202 AVG Test Loss: 0.202 AVG Training Acc 0.937441 AVG Test Acc 0.936793 %
Epoch: 70/100 AVG Training Loss: 0.202 AVG Test Loss: 0.202 AVG Training Acc 0.937477 AVG Test Acc 0.936777 %
Epoch: 80/100 AVG Training Loss: 0.201 AVG Test Loss: 0.202 AVG Training Acc 0.937437 AVG Test Acc 0.936777 %
Epoch: 90/100 AVG Training Loss: 0.201 AVG Test Loss: 0.201 AVG Training Acc 0.937498 AVG Test Acc 0.936825 %
Epoch: 100/100 AVG Training Loss: 0.201 AVG Test Loss: 0.201 AVG Training Acc 0.937501 AVG Test Acc 0.936825 %
Fold 10
Epoch: 10/100 AVG Training Loss: 0.214 AVG Test Loss: 0.210 AVG Training Acc 0.937484 AVG Test Acc 0.936616 %
Epoch: 20/100 AVG Training Loss: 0.212 AVG Test Loss: 0.210 AVG Training Acc 0.937483 AVG Test Acc 0.936568 %
Epoch: 30/100 AVG Training Loss: 0.206 AVG Test Loss: 0.204 AVG Training Acc 0.937484 AVG Test Acc 0.936552 %
Epoch: 40/100 AVG Training Loss: 0.204 AVG Test Loss: 0.203 AVG Training Acc 0.937498 AVG Test Acc 0.936616 %
Epoch: 50/100 AVG Training Loss: 0.203 AVG Test Loss: 0.202 AVG Training Acc 0.937490 AVG Test Acc 0.936616 %
Epoch: 60/100 AVG Training Loss: 0.202 AVG Test Loss: 0.202 AVG Training Acc 0.937493 AVG Test Acc 0.936584 %
Epoch: 70/100 AVG Training Loss: 0.202 AVG Test Loss: 0.202 AVG Training Acc 0.937454 AVG Test Acc 0.936584 %
Epoch: 80/100 AVG Training Loss: 0.201 AVG Test Loss: 0.202 AVG Training Acc 0.937518 AVG Test Acc 0.936568 %
Epoch: 90/100 AVG Training Loss: 0.201 AVG Test Loss: 0.202 AVG Training Acc 0.937536 AVG Test Acc 0.936568 %
Epoch: 100/100 AVG Training Loss: 0.201 AVG Test Loss: 0.202 AVG Training Acc 0.937496 AVG Test Acc 0.936584 %
Performance of 10 fold cross validation
Average Training Loss: 0.2010 	 Average Test Loss: 0.2002 	 Average Training Acc: 0.937389 	 Average Test Acc: 0.937386
/home/groups/rondror/software/jwang003/miniconda3/envs/genre-classification/lib/python3.10/site-packages/sklearn/metrics/_classification.py:1334: UndefinedMetricWarning: Precision and F-score are ill-defined and being set to 0.0 in labels with no predicted samples. Use `zero_division` parameter to control this behavior.
  _warn_prf(average, modifier, msg_start, len(result))
/home/groups/rondror/software/jwang003/miniconda3/envs/genre-classification/lib/python3.10/site-packages/sklearn/metrics/_classification.py:1334: UndefinedMetricWarning: Precision and F-score are ill-defined and being set to 0.0 in samples with no predicted labels. Use `zero_division` parameter to control this behavior.
  _warn_prf(average, modifier, msg_start, len(result))
Running Cross Validation on Batchsize = 16, Epochs = 100, Learning Rate = 0.001, Neurons = (96, 48)
Fold 1
/home/groups/rondror/software/jwang003/miniconda3/envs/genre-classification/lib/python3.10/site-packages/torch/nn/functional.py:1967: UserWarning: nn.functional.sigmoid is deprecated. Use torch.sigmoid instead.
  warnings.warn("nn.functional.sigmoid is deprecated. Use torch.sigmoid instead.")
Epoch: 10/100 AVG Training Loss: 0.213 AVG Test Loss: 0.211 AVG Training Acc 0.937411 AVG Test Acc 0.937229 %
Epoch: 20/100 AVG Training Loss: 0.208 AVG Test Loss: 0.205 AVG Training Acc 0.937405 AVG Test Acc 0.937196 %
Epoch: 30/100 AVG Training Loss: 0.204 AVG Test Loss: 0.202 AVG Training Acc 0.937412 AVG Test Acc 0.937133 %
Epoch: 40/100 AVG Training Loss: 0.203 AVG Test Loss: 0.201 AVG Training Acc 0.937432 AVG Test Acc 0.937192 %
Epoch: 50/100 AVG Training Loss: 0.203 AVG Test Loss: 0.201 AVG Training Acc 0.937439 AVG Test Acc 0.937133 %
Epoch: 60/100 AVG Training Loss: 0.202 AVG Test Loss: 0.201 AVG Training Acc 0.937412 AVG Test Acc 0.937170 %
Epoch: 70/100 AVG Training Loss: 0.201 AVG Test Loss: 0.202 AVG Training Acc 0.937419 AVG Test Acc 0.937085 %
Epoch: 80/100 AVG Training Loss: 0.201 AVG Test Loss: 0.201 AVG Training Acc 0.937439 AVG Test Acc 0.937085 %
Epoch: 90/100 AVG Training Loss: 0.201 AVG Test Loss: 0.201 AVG Training Acc 0.937460 AVG Test Acc 0.937107 %
Epoch: 100/100 AVG Training Loss: 0.200 AVG Test Loss: 0.201 AVG Training Acc 0.937447 AVG Test Acc 0.937085 %
Fold 2
Epoch: 10/100 AVG Training Loss: 0.213 AVG Test Loss: 0.209 AVG Training Acc 0.937452 AVG Test Acc 0.936832 %
Epoch: 20/100 AVG Training Loss: 0.207 AVG Test Loss: 0.203 AVG Training Acc 0.937387 AVG Test Acc 0.936821 %
Epoch: 30/100 AVG Training Loss: 0.204 AVG Test Loss: 0.201 AVG Training Acc 0.937439 AVG Test Acc 0.936843 %
Epoch: 40/100 AVG Training Loss: 0.203 AVG Test Loss: 0.200 AVG Training Acc 0.937471 AVG Test Acc 0.936843 %
Epoch: 50/100 AVG Training Loss: 0.203 AVG Test Loss: 0.200 AVG Training Acc 0.937455 AVG Test Acc 0.936832 %
Epoch: 60/100 AVG Training Loss: 0.202 AVG Test Loss: 0.199 AVG Training Acc 0.937433 AVG Test Acc 0.936843 %
Epoch: 70/100 AVG Training Loss: 0.201 AVG Test Loss: 0.200 AVG Training Acc 0.937452 AVG Test Acc 0.936795 %
Epoch: 80/100 AVG Training Loss: 0.201 AVG Test Loss: 0.199 AVG Training Acc 0.937507 AVG Test Acc 0.936806 %
Epoch: 90/100 AVG Training Loss: 0.201 AVG Test Loss: 0.199 AVG Training Acc 0.937497 AVG Test Acc 0.936866 %
Epoch: 100/100 AVG Training Loss: 0.201 AVG Test Loss: 0.199 AVG Training Acc 0.937479 AVG Test Acc 0.936806 %
Fold 3
Epoch: 10/100 AVG Training Loss: 0.213 AVG Test Loss: 0.208 AVG Training Acc 0.937301 AVG Test Acc 0.938191 %
Epoch: 20/100 AVG Training Loss: 0.207 AVG Test Loss: 0.201 AVG Training Acc 0.937290 AVG Test Acc 0.938239 %
Epoch: 30/100 AVG Training Loss: 0.204 AVG Test Loss: 0.199 AVG Training Acc 0.937299 AVG Test Acc 0.938239 %
Epoch: 40/100 AVG Training Loss: 0.203 AVG Test Loss: 0.198 AVG Training Acc 0.937296 AVG Test Acc 0.938239 %
Epoch: 50/100 AVG Training Loss: 0.202 AVG Test Loss: 0.198 AVG Training Acc 0.937314 AVG Test Acc 0.938288 %
Epoch: 60/100 AVG Training Loss: 0.202 AVG Test Loss: 0.198 AVG Training Acc 0.937316 AVG Test Acc 0.938207 %
Epoch: 70/100 AVG Training Loss: 0.201 AVG Test Loss: 0.198 AVG Training Acc 0.937277 AVG Test Acc 0.938191 %
Epoch: 80/100 AVG Training Loss: 0.201 AVG Test Loss: 0.198 AVG Training Acc 0.937306 AVG Test Acc 0.938239 %
Epoch: 90/100 AVG Training Loss: 0.201 AVG Test Loss: 0.197 AVG Training Acc 0.937288 AVG Test Acc 0.938304 %
Epoch: 100/100 AVG Training Loss: 0.201 AVG Test Loss: 0.197 AVG Training Acc 0.937338 AVG Test Acc 0.938304 %
Fold 4
Epoch: 10/100 AVG Training Loss: 0.213 AVG Test Loss: 0.208 AVG Training Acc 0.937377 AVG Test Acc 0.937596 %
Epoch: 20/100 AVG Training Loss: 0.207 AVG Test Loss: 0.201 AVG Training Acc 0.937395 AVG Test Acc 0.937532 %
Epoch: 30/100 AVG Training Loss: 0.204 AVG Test Loss: 0.200 AVG Training Acc 0.937399 AVG Test Acc 0.937532 %
Epoch: 40/100 AVG Training Loss: 0.204 AVG Test Loss: 0.199 AVG Training Acc 0.937405 AVG Test Acc 0.937548 %
Epoch: 50/100 AVG Training Loss: 0.203 AVG Test Loss: 0.199 AVG Training Acc 0.937395 AVG Test Acc 0.937532 %
Epoch: 60/100 AVG Training Loss: 0.202 AVG Test Loss: 0.199 AVG Training Acc 0.937426 AVG Test Acc 0.937564 %
Epoch: 70/100 AVG Training Loss: 0.201 AVG Test Loss: 0.199 AVG Training Acc 0.937407 AVG Test Acc 0.937596 %
Epoch: 80/100 AVG Training Loss: 0.201 AVG Test Loss: 0.198 AVG Training Acc 0.937407 AVG Test Acc 0.937580 %
Epoch: 90/100 AVG Training Loss: 0.201 AVG Test Loss: 0.198 AVG Training Acc 0.937419 AVG Test Acc 0.937596 %
Epoch: 100/100 AVG Training Loss: 0.201 AVG Test Loss: 0.198 AVG Training Acc 0.937375 AVG Test Acc 0.937645 %
Fold 5
Epoch: 10/100 AVG Training Loss: 0.213 AVG Test Loss: 0.210 AVG Training Acc 0.937424 AVG Test Acc 0.937098 %
Epoch: 20/100 AVG Training Loss: 0.207 AVG Test Loss: 0.204 AVG Training Acc 0.937425 AVG Test Acc 0.937130 %
Epoch: 30/100 AVG Training Loss: 0.204 AVG Test Loss: 0.202 AVG Training Acc 0.937424 AVG Test Acc 0.937098 %
Epoch: 40/100 AVG Training Loss: 0.203 AVG Test Loss: 0.201 AVG Training Acc 0.937455 AVG Test Acc 0.937082 %
Epoch: 50/100 AVG Training Loss: 0.203 AVG Test Loss: 0.201 AVG Training Acc 0.937432 AVG Test Acc 0.937082 %
Epoch: 60/100 AVG Training Loss: 0.202 AVG Test Loss: 0.200 AVG Training Acc 0.937411 AVG Test Acc 0.937146 %
Epoch: 70/100 AVG Training Loss: 0.201 AVG Test Loss: 0.200 AVG Training Acc 0.937467 AVG Test Acc 0.937082 %
Epoch: 80/100 AVG Training Loss: 0.201 AVG Test Loss: 0.200 AVG Training Acc 0.937467 AVG Test Acc 0.937130 %
Epoch: 90/100 AVG Training Loss: 0.201 AVG Test Loss: 0.200 AVG Training Acc 0.937468 AVG Test Acc 0.937146 %
Epoch: 100/100 AVG Training Loss: 0.200 AVG Test Loss: 0.200 AVG Training Acc 0.937451 AVG Test Acc 0.937146 %
Fold 6
Epoch: 10/100 AVG Training Loss: 0.213 AVG Test Loss: 0.208 AVG Training Acc 0.937243 AVG Test Acc 0.938770 %
Epoch: 20/100 AVG Training Loss: 0.206 AVG Test Loss: 0.202 AVG Training Acc 0.937241 AVG Test Acc 0.938738 %
Epoch: 30/100 AVG Training Loss: 0.205 AVG Test Loss: 0.201 AVG Training Acc 0.937268 AVG Test Acc 0.938722 %
Epoch: 40/100 AVG Training Loss: 0.204 AVG Test Loss: 0.200 AVG Training Acc 0.937252 AVG Test Acc 0.938738 %
Epoch: 50/100 AVG Training Loss: 0.203 AVG Test Loss: 0.200 AVG Training Acc 0.937269 AVG Test Acc 0.938786 %
Epoch: 60/100 AVG Training Loss: 0.202 AVG Test Loss: 0.200 AVG Training Acc 0.937266 AVG Test Acc 0.938754 %
Epoch: 70/100 AVG Training Loss: 0.201 AVG Test Loss: 0.200 AVG Training Acc 0.937259 AVG Test Acc 0.938657 %
Epoch: 80/100 AVG Training Loss: 0.201 AVG Test Loss: 0.200 AVG Training Acc 0.937266 AVG Test Acc 0.938657 %
Epoch: 90/100 AVG Training Loss: 0.201 AVG Test Loss: 0.200 AVG Training Acc 0.937305 AVG Test Acc 0.938577 %
Epoch: 100/100 AVG Training Loss: 0.200 AVG Test Loss: 0.200 AVG Training Acc 0.937276 AVG Test Acc 0.938641 %
Fold 7
Epoch: 10/100 AVG Training Loss: 0.213 AVG Test Loss: 0.210 AVG Training Acc 0.937429 AVG Test Acc 0.937050 %
Epoch: 20/100 AVG Training Loss: 0.206 AVG Test Loss: 0.205 AVG Training Acc 0.937430 AVG Test Acc 0.936921 %
Epoch: 30/100 AVG Training Loss: 0.205 AVG Test Loss: 0.204 AVG Training Acc 0.937438 AVG Test Acc 0.937002 %
Epoch: 40/100 AVG Training Loss: 0.203 AVG Test Loss: 0.203 AVG Training Acc 0.937439 AVG Test Acc 0.936953 %
Epoch: 50/100 AVG Training Loss: 0.202 AVG Test Loss: 0.202 AVG Training Acc 0.937451 AVG Test Acc 0.936986 %
Epoch: 60/100 AVG Training Loss: 0.202 AVG Test Loss: 0.203 AVG Training Acc 0.937462 AVG Test Acc 0.936937 %
Epoch: 70/100 AVG Training Loss: 0.201 AVG Test Loss: 0.202 AVG Training Acc 0.937462 AVG Test Acc 0.936905 %
Epoch: 80/100 AVG Training Loss: 0.201 AVG Test Loss: 0.202 AVG Training Acc 0.937440 AVG Test Acc 0.936937 %
